2025-02-25 10:36:01 - [0;34mINFO: Starting ROS2 Humble installation...[0m
2025-02-25 10:36:01 - [0;34mINFO: Installation directory: /home/leadhard/robotics/Helios[0m
2025-02-25 10:36:01 - [0;34mINFO: Log file: /home/leadhard/robotics/Helios/installation.log[0m
2025-02-25 10:36:02 - [0;34mINFO: Setting up directory structure...[0m
2025-02-25 10:36:02 - [0;32mSUCCESS: Directory structure verified[0m
2025-02-25 10:36:02 - [0;34mINFO: Checking system requirements...[0m
2025-02-25 10:36:02 - [0;32mSUCCESS: System requirements check passed[0m
2025-02-25 10:36:02 - [0;34mINFO: Installing ROS2 Humble...[0m
2025-02-25 10:36:17 - [0;34mINFO: Installing ros-humble-desktop...[0m
2025-02-25 10:42:45 - [0;34mINFO: Installing ros-humble-xacro...[0m
2025-02-25 10:42:47 - [0;34mINFO: Installing ros-humble-urdf...[0m
2025-02-25 10:42:47 - [0;34mINFO: Installing ros-humble-robot-state-publisher...[0m
2025-02-25 10:42:48 - [0;34mINFO: Installing ros-humble-joint-state-publisher-gui...[0m
2025-02-25 10:42:50 - [0;34mINFO: Installing ros-humble-controller-manager...[0m
2025-02-25 10:42:55 - [0;34mINFO: Installing ros-humble-ros2-control...[0m
2025-02-25 10:42:58 - [0;34mINFO: Installing ros-humble-ros2-controllers...[0m
2025-02-25 10:43:05 - [0;34mINFO: Installing ros-humble-gazebo-ros2-control...[0m
2025-02-25 10:43:44 - [0;32mSUCCESS: ROS2 Humble installation completed[0m
2025-02-25 10:43:44 - [0;34mINFO: Installing Gazebo Fortress...[0m
2025-02-25 10:44:34 - [0;32mSUCCESS: Gazebo Fortress installation completed[0m
2025-02-25 10:44:34 - [0;34mINFO: Installing development tools and dependencies...[0m
2025-02-25 10:44:34 - [0;34mINFO: Installing python3-rosdep...[0m
2025-02-25 10:44:38 - [0;34mINFO: Installing python3-colcon-common-extensions...[0m
2025-02-25 10:44:50 - [0;34mINFO: Installing python3-vcstool...[0m
2025-02-25 10:44:51 - [0;34mINFO: Installing build-essential...[0m
2025-02-25 10:44:52 - [0;34mINFO: Installing libgtest-dev...[0m
2025-02-25 10:44:53 - [0;34mINFO: Installing libgmock-dev...[0m
2025-02-25 10:44:55 - [0;34mINFO: Installing python3-pytest...[0m
2025-02-25 10:44:55 - [0;34mINFO: Installing git...[0m
2025-02-25 10:44:58 - [0;34mINFO: Installing net-tools...[0m
2025-02-25 10:44:59 - [0;34mINFO: Installing sqlite3...[0m
2025-02-25 10:45:01 - [0;34mINFO: Installing sqlitebrowser...[0m
2025-02-25 10:45:04 - [0;34mINFO: Installing ros-humble-robot-state-publisher...[0m
2025-02-25 10:45:05 - [0;34mINFO: Installing ros-humble-xacro...[0m
2025-02-25 10:45:05 - [0;34mINFO: Installing ros-humble-tf2-tools...[0m
2025-02-25 10:45:06 - [0;34mINFO: Installing ros-humble-tf2-ros...[0m
2025-02-25 10:45:13 - [0;32mSUCCESS: Dependencies installation completed[0m
2025-02-25 10:45:13 - [0;34mINFO: Setting up ROS workspace...[0m
2025-02-25 10:45:14 - [0;32mSUCCESS: Workspace setup completed[0m
2025-02-25 10:45:14 - [0;34mINFO: Configuring environment...[0m
2025-02-25 10:45:14 - [0;32mSUCCESS: Environment configuration completed[0m
2025-02-25 10:45:14 - [0;34mINFO: Configuring WSL2 graphics settings...[0m
2025-02-25 10:45:14 - [0;34mINFO: WSL2 detected. Installing VcXsrv...[0m
2025-02-25 10:45:49 - [0;32mSUCCESS: WSL2 graphics configuration completed[0m
2025-02-25 10:45:49 - [0;32mSUCCESS: Installation completed successfully![0m
2025-02-25 10:45:49 - [0;34mINFO: Please run: source ~/.bashrc while INSIDE YOUR HOME DIRECTORY or you may encounter errors when testing ROS nodes[0m
2025-02-25 10:45:49 - [0;34mINFO: For WSL2 users: Install VcXsrv on Windows and launch it before running Gazebo[0m
2025-02-25 10:45:49 - [0;34mINFO: Check /home/leadhard/robotics/Helios/installation.log for detailed installation logs[0m
